<?xml version="1.0" encoding="UTF-8"?><testsuite errors="0" failures="1" name="Calificar taller" skipped="0" tests="6" time="4.66" timestamp="2023-04-26 01:39:01"><testcase name="Calificar reto exitoso"/><testcase name="Calificar reto con valores limite"/><testcase name="Calificar reto con id de curso incorrecta"><failure message="1 expectation failed.&#10;Expected status code &lt;409&gt; but was &lt;201&gt;.&#10;" type="java.lang.AssertionError">1 expectation failed.
Expected status code &lt;409&gt; but was &lt;201&gt;.
</failure><system-err>1 expectation failed.
Expected status code &lt;409&gt; but was &lt;201&gt;.
&#13;
com.sofkau.stepdefinitions.CalificarRetoErroneoStepDefinition.noSeCalificaraYSeGeneraraUnMensajeDeErrorJuntoAUn(CalificarRetoErroneoStepDefinition.java:58)&#13;
✽.no se calificara y se generara un mensaje de error junto a un 409(file:///C:/Users/nunez/Escritorio/Automatizacion%20final/AutomatizacionBackendMatCafe/src/test/resources/features/HUB07calificartaller.feature:31)&#13;
</system-err></testcase></testsuite>